{"message":"date: 18:34:10, url: /, method: GET","level":"info"}
{"message":"date: 18:36:43, url: /blogs/000, method: GET","level":"info"}
{"message":"date: 18:36:43, url: /public/stylesheets/style.css, method: GET","level":"info"}
{"message":"date: 18:38:07, url: /blogs, method: GET","level":"info"}
{"message":"date: 18:38:08, url: /public/stylesheets/style.css, method: GET","level":"info"}
{"message":"date: 18:40:21, url: /blogs/57575, method: GET","level":"info"}
{"message":"date: 18:40:22, url: /public/stylesheets/style.css, method: GET","level":"info"}
{"message":"date: 09:18:21, url: /blogs, method: GET","level":"info"}
{"message":"date: 09:18:26, url: /public/stylesheets/style.css, method: GET","level":"info"}
{"message":"date: 09:18:26, url: /favicon.ico, method: GET","level":"info"}
{"message":"date: 09:18:30, url: /, method: GET","level":"info"}
{"message":"date: 09:18:30, url: /public/stylesheets/style.css, method: GET","level":"info"}
{"message":"date: 14:09:32, url: /, method: GET","level":"info"}
{"message":"date: 14:09:34, url: /public/stylesheets/style.css, method: GET","level":"info"}
{"message":"date: 14:09:34, url: /favicon.ico, method: GET","level":"info"}
{"message":"date: 14:09:38, url: /hfdbvois, method: GET","level":"info"}
{"message":"date: 14:09:38, url: /public/stylesheets/style.css, method: GET","level":"info"}
{"message":"date: 14:14:49, url: /blogs, method: GET","level":"info"}
{"message":"date: 14:14:49, url: /public/stylesheets/style.css, method: GET","level":"info"}
{"message":"date: 16:52:16, url: /blogs, method: GET","level":"info"}
{"message":"date: 16:52:16, url: /public/stylesheets/style.css, method: GET","level":"info"}
{"message":"date: 16:52:16, url: /favicon.ico, method: GET","level":"info"}
{"message":"date: 16:52:20, url: /blogs, method: GET","level":"info"}
{"message":"date: 16:52:20, url: /public/stylesheets/style.css, method: GET","level":"info"}
{"message":"date: 16:52:26, url: /, method: GET","level":"info"}
{"message":"date: 16:52:26, url: /public/stylesheets/style.css, method: GET","level":"info"}
{"message":"date: 17:47:02, url: /, method: GET","level":"info"}
{"message":"date: 17:47:02, url: /public/stylesheets/style.css, method: GET","level":"info"}
{"message":"date: 17:47:02, url: /favicon.ico, method: GET","level":"info"}
{"message":"date: 17:47:07, url: /blogs, method: GET","level":"info"}
{"message":"date: 17:47:12, url: /blogs, method: GET","level":"info"}
{"message":"date: 17:49:12, url: /blogs, method: GET","level":"info"}
{"message":"date: 17:51:12, url: /blogs, method: GET","level":"info"}
{"message":"date: 18:25:04, url: /blogs/45, method: GET","level":"info"}
{"message":"date: 18:27:05, url: /blogs/45, method: GET","level":"info"}
{"message":"date: 18:27:17, url: /, method: GET","level":"info"}
{"message":"date: 18:27:17, url: /public/stylesheets/style.css, method: GET","level":"info"}
{"message":"date: 18:51:44, url: /blogs, method: GET","level":"info"}
{"message":"date: 19:06:02, url: /blogs, method: GET","level":"info"}
{"message":"date: 19:06:08, url: /blogs/new, method: GET","level":"info"}
{"message":"date: 19:07:33, url: /new, method: GET","level":"info"}
{"message":"date: 19:11:41, url: /blogs, method: GET","level":"info"}
{"message":"date: 19:11:53, url: /new, method: GET","level":"info"}
{"message":"date: 19:12:47, url: /blogs/1, method: GET","level":"info"}
{"message":"date: 19:12:48, url: /public/stylesheets/style.css, method: GET","level":"info"}
{"message":"date: 19:12:51, url: /blogs/1, method: GET","level":"info"}
{"message":"date: 19:12:51, url: /public/stylesheets/style.css, method: GET","level":"info"}
{"message":"date: 19:21:08, url: /blogs, method: GET","level":"info"}
{"message":"date: 19:21:12, url: /blogs/1, method: GET","level":"info"}
{"message":"date: 19:48:03, url: /blogs/1, method: GET","level":"info"}
{"message":"date: 19:48:03, url: /favicon.ico, method: GET","level":"info"}
{"message":"date: 19:48:08, url: /blogs/, method: GET","level":"info"}
{"message":"date: 09:08:52, url: /blogs/1, method: GET","level":"info"}
{"message":"date: 09:08:56, url: /dghjgj, method: GET","level":"info"}
{"message":"date: 09:08:56, url: /public/stylesheets/style.css, method: GET","level":"info"}
{"message":"date: 09:36:09, url: /, method: GET","level":"info"}
{"message":"date: 09:36:09, url: /public/stylesheets/style.css, method: GET","level":"info"}
{"message":"date: 09:36:09, url: /favicon.ico, method: GET","level":"info"}
{"message":"date: 09:36:25, url: /login, method: GET","level":"info"}
{"message":"date: 09:36:25, url: /public/stylesheets/style.css, method: GET","level":"info"}
{"message":"date: 09:43:06, url: /, method: GET","level":"info"}
{"message":"date: 09:43:06, url: /public/stylesheets/style.css, method: GET","level":"info"}
{"message":"date: 09:43:06, url: /favicon.ico, method: GET","level":"info"}
{"message":"date: 09:43:15, url: /login, method: POST","level":"info"}
{"message":"date: 09:43:15, url: /public/stylesheets/style.css, method: GET","level":"info"}
{"message":"date: 12:08:18, url: /, method: GET","level":"info"}
{"message":"date: 12:08:18, url: /public/stylesheets/style.css, method: GET","level":"info"}
{"message":"date: 12:08:18, url: /favicon.ico, method: GET","level":"info"}
{"message":"date: 12:08:25, url: /public/stylesheets/style.css, method: GET","level":"info"}
{"message":"date: 12:08:55, url: /, method: GET","level":"info"}
{"message":"date: 12:08:55, url: /public/stylesheets/style.css, method: GET","level":"info"}
{"message":"date: 12:09:33, url: /login, method: GET","level":"info"}
{"message":"date: 12:09:33, url: /public/stylesheets/style.css, method: GET","level":"info"}
{"message":"date: 12:10:22, url: /login, method: GET","level":"info"}
{"message":"date: 12:10:22, url: /public/stylesheets/style.css, method: GET","level":"info"}
{"message":"date: 12:10:33, url: /new, method: GET","level":"info"}
{"message":"date: 12:12:20, url: /new, method: GET","level":"info"}
{"message":"date: 12:14:39, url: /blogs, method: GET","level":"info"}
{"message":"date: 12:14:45, url: /new, method: GET","level":"info"}
{"message":"date: 12:23:46, url: /login, method: GET","level":"info"}
{"message":"date: 12:23:46, url: /public/stylesheets/style.css, method: GET","level":"info"}
{"message":"date: 12:23:51, url: /new, method: GET","level":"info"}
{"message":"date: 12:46:46, url: /new, method: GET","level":"info"}
{"message":"date: 12:47:54, url: /, method: GET","level":"info"}
{"message":"date: 12:47:54, url: /public/stylesheets/style.css, method: GET","level":"info"}
{"message":"date: 12:47:54, url: /favicon.ico, method: GET","level":"info"}
{"message":"date: 12:48:01, url: /login, method: GET","level":"info"}
{"message":"date: 12:48:01, url: /public/stylesheets/style.css, method: GET","level":"info"}
{"message":"date: 12:48:54, url: /public/stylesheets/style.css, method: GET","level":"info"}
{"message":"date: 12:49:23, url: /new, method: GET","level":"info"}
{"message":"date: 12:57:11, url: /new, method: GET","level":"info"}
{"message":"date: 12:57:22, url: /blogs, method: GET","level":"info"}
{"message":"date: 12:57:27, url: /blogs/5a797bf727922f37ac000001, method: GET","level":"info"}
{"message":"date: 12:59:02, url: /, method: GET","level":"info"}
{"message":"date: 12:59:03, url: /public/stylesheets/style.css, method: GET","level":"info"}
{"message":"date: 13:02:00, url: /, method: GET","level":"info"}
{"message":"date: 13:02:01, url: /public/stylesheets/style.css, method: GET","level":"info"}
{"message":"date: 13:02:02, url: /, method: GET","level":"info"}
{"message":"date: 13:02:02, url: /public/stylesheets/style.css, method: GET","level":"info"}
{"message":"date: 13:03:08, url: /, method: GET","level":"info"}
{"message":"date: 13:03:08, url: /public/stylesheets/style.css, method: GET","level":"info"}
{"message":"date: 13:03:38, url: /, method: GET","level":"info"}
{"message":"date: 13:03:38, url: /public/stylesheets/style.css, method: GET","level":"info"}
{"message":"date: 13:03:40, url: /login, method: GET","level":"info"}
{"message":"date: 13:03:40, url: /public/stylesheets/style.css, method: GET","level":"info"}
{"message":"date: 13:05:12, url: /, method: GET","level":"info"}
{"message":"date: 13:05:12, url: /public/stylesheets/style.css, method: GET","level":"info"}
{"message":"date: 13:05:19, url: /blogs, method: GET","level":"info"}
{"message":"date: 13:05:34, url: /new, method: GET","level":"info"}
{"message":"date: 13:05:41, url: /blogs, method: GET","level":"info"}
